<?xml version="1.0" encoding="UTF-8"?>
<testsuite xmlns:xsi="http://www.w3.org/2001/XMLSchema-instance" xsi:noNamespaceSchemaLocation="https://maven.apache.org/surefire/maven-surefire-plugin/xsd/surefire-test-report.xsd" name="com.yillint.admin.Junit5Test" time="0.063" tests="16" errors="1" skipped="2" failures="3">
  <properties>
    <property name="sun.desktop" value="windows"/>
    <property name="awt.toolkit" value="sun.awt.windows.WToolkit"/>
    <property name="file.encoding.pkg" value="sun.io"/>
    <property name="java.specification.version" value="1.8"/>
    <property name="sun.cpu.isalist" value="amd64"/>
    <property name="sun.jnu.encoding" value="GBK"/>
    <property name="java.class.path" value="D:\springboot_practice\springboot2\boot-05-web-admin\target\test-classes;D:\springboot_practice\springboot2\boot-05-web-admin\target\classes;D:\apache-maven-3.6.3\repository\org\springframework\boot\spring-boot-starter-thymeleaf\2.4.3\spring-boot-starter-thymeleaf-2.4.3.jar;D:\apache-maven-3.6.3\repository\org\springframework\boot\spring-boot-starter\2.4.3\spring-boot-starter-2.4.3.jar;D:\apache-maven-3.6.3\repository\org\springframework\boot\spring-boot-starter-logging\2.4.3\spring-boot-starter-logging-2.4.3.jar;D:\apache-maven-3.6.3\repository\ch\qos\logback\logback-classic\1.2.3\logback-classic-1.2.3.jar;D:\apache-maven-3.6.3\repository\ch\qos\logback\logback-core\1.2.3\logback-core-1.2.3.jar;D:\apache-maven-3.6.3\repository\org\apache\logging\log4j\log4j-to-slf4j\2.13.3\log4j-to-slf4j-2.13.3.jar;D:\apache-maven-3.6.3\repository\org\apache\logging\log4j\log4j-api\2.13.3\log4j-api-2.13.3.jar;D:\apache-maven-3.6.3\repository\org\slf4j\jul-to-slf4j\1.7.30\jul-to-slf4j-1.7.30.jar;D:\apache-maven-3.6.3\repository\jakarta\annotation\jakarta.annotation-api\1.3.5\jakarta.annotation-api-1.3.5.jar;D:\apache-maven-3.6.3\repository\org\yaml\snakeyaml\1.27\snakeyaml-1.27.jar;D:\apache-maven-3.6.3\repository\org\thymeleaf\thymeleaf-spring5\3.0.12.RELEASE\thymeleaf-spring5-3.0.12.RELEASE.jar;D:\apache-maven-3.6.3\repository\org\thymeleaf\thymeleaf\3.0.12.RELEASE\thymeleaf-3.0.12.RELEASE.jar;D:\apache-maven-3.6.3\repository\org\attoparser\attoparser\2.0.5.RELEASE\attoparser-2.0.5.RELEASE.jar;D:\apache-maven-3.6.3\repository\org\unbescape\unbescape\1.1.6.RELEASE\unbescape-1.1.6.RELEASE.jar;D:\apache-maven-3.6.3\repository\org\thymeleaf\extras\thymeleaf-extras-java8time\3.0.4.RELEASE\thymeleaf-extras-java8time-3.0.4.RELEASE.jar;D:\apache-maven-3.6.3\repository\org\springframework\boot\spring-boot-starter-web\2.4.3\spring-boot-starter-web-2.4.3.jar;D:\apache-maven-3.6.3\repository\org\springframework\boot\spring-boot-starter-json\2.4.3\spring-boot-starter-json-2.4.3.jar;D:\apache-maven-3.6.3\repository\com\fasterxml\jackson\core\jackson-databind\2.11.4\jackson-databind-2.11.4.jar;D:\apache-maven-3.6.3\repository\com\fasterxml\jackson\core\jackson-annotations\2.11.4\jackson-annotations-2.11.4.jar;D:\apache-maven-3.6.3\repository\com\fasterxml\jackson\core\jackson-core\2.11.4\jackson-core-2.11.4.jar;D:\apache-maven-3.6.3\repository\com\fasterxml\jackson\datatype\jackson-datatype-jdk8\2.11.4\jackson-datatype-jdk8-2.11.4.jar;D:\apache-maven-3.6.3\repository\com\fasterxml\jackson\datatype\jackson-datatype-jsr310\2.11.4\jackson-datatype-jsr310-2.11.4.jar;D:\apache-maven-3.6.3\repository\com\fasterxml\jackson\module\jackson-module-parameter-names\2.11.4\jackson-module-parameter-names-2.11.4.jar;D:\apache-maven-3.6.3\repository\org\springframework\spring-web\5.3.4\spring-web-5.3.4.jar;D:\apache-maven-3.6.3\repository\org\springframework\spring-beans\5.3.4\spring-beans-5.3.4.jar;D:\apache-maven-3.6.3\repository\org\springframework\spring-webmvc\5.3.4\spring-webmvc-5.3.4.jar;D:\apache-maven-3.6.3\repository\org\springframework\spring-aop\5.3.4\spring-aop-5.3.4.jar;D:\apache-maven-3.6.3\repository\org\springframework\spring-context\5.3.4\spring-context-5.3.4.jar;D:\apache-maven-3.6.3\repository\org\springframework\spring-expression\5.3.4\spring-expression-5.3.4.jar;D:\apache-maven-3.6.3\repository\org\springframework\boot\spring-boot-starter-undertow\2.4.3\spring-boot-starter-undertow-2.4.3.jar;D:\apache-maven-3.6.3\repository\io\undertow\undertow-core\2.2.4.Final\undertow-core-2.2.4.Final.jar;D:\apache-maven-3.6.3\repository\org\jboss\logging\jboss-logging\3.4.1.Final\jboss-logging-3.4.1.Final.jar;D:\apache-maven-3.6.3\repository\org\jboss\xnio\xnio-api\3.8.0.Final\xnio-api-3.8.0.Final.jar;D:\apache-maven-3.6.3\repository\org\wildfly\common\wildfly-common\1.5.2.Final\wildfly-common-1.5.2.Final.jar;D:\apache-maven-3.6.3\repository\org\wildfly\client\wildfly-client-config\1.0.1.Final\wildfly-client-config-1.0.1.Final.jar;D:\apache-maven-3.6.3\repository\org\jboss\xnio\xnio-nio\3.8.0.Final\xnio-nio-3.8.0.Final.jar;D:\apache-maven-3.6.3\repository\org\jboss\threads\jboss-threads\3.1.0.Final\jboss-threads-3.1.0.Final.jar;D:\apache-maven-3.6.3\repository\io\undertow\undertow-servlet\2.2.4.Final\undertow-servlet-2.2.4.Final.jar;D:\apache-maven-3.6.3\repository\org\jboss\spec\javax\annotation\jboss-annotations-api_1.3_spec\2.0.1.Final\jboss-annotations-api_1.3_spec-2.0.1.Final.jar;D:\apache-maven-3.6.3\repository\io\undertow\undertow-websockets-jsr\2.2.4.Final\undertow-websockets-jsr-2.2.4.Final.jar;D:\apache-maven-3.6.3\repository\org\jboss\spec\javax\websocket\jboss-websocket-api_1.1_spec\2.0.0.Final\jboss-websocket-api_1.1_spec-2.0.0.Final.jar;D:\apache-maven-3.6.3\repository\jakarta\servlet\jakarta.servlet-api\4.0.4\jakarta.servlet-api-4.0.4.jar;D:\apache-maven-3.6.3\repository\org\glassfish\jakarta.el\3.0.3\jakarta.el-3.0.3.jar;D:\apache-maven-3.6.3\repository\mysql\mysql-connector-java\8.0.21\mysql-connector-java-8.0.21.jar;D:\apache-maven-3.6.3\repository\org\springframework\boot\spring-boot-devtools\2.4.3\spring-boot-devtools-2.4.3.jar;D:\apache-maven-3.6.3\repository\org\springframework\boot\spring-boot\2.4.3\spring-boot-2.4.3.jar;D:\apache-maven-3.6.3\repository\org\springframework\boot\spring-boot-autoconfigure\2.4.3\spring-boot-autoconfigure-2.4.3.jar;D:\apache-maven-3.6.3\repository\org\springframework\boot\spring-boot-configuration-processor\2.4.3\spring-boot-configuration-processor-2.4.3.jar;D:\apache-maven-3.6.3\repository\org\projectlombok\lombok\1.18.18\lombok-1.18.18.jar;D:\apache-maven-3.6.3\repository\org\springframework\boot\spring-boot-starter-test\2.4.3\spring-boot-starter-test-2.4.3.jar;D:\apache-maven-3.6.3\repository\org\springframework\boot\spring-boot-test\2.4.3\spring-boot-test-2.4.3.jar;D:\apache-maven-3.6.3\repository\org\springframework\boot\spring-boot-test-autoconfigure\2.4.3\spring-boot-test-autoconfigure-2.4.3.jar;D:\apache-maven-3.6.3\repository\com\jayway\jsonpath\json-path\2.4.0\json-path-2.4.0.jar;D:\apache-maven-3.6.3\repository\net\minidev\json-smart\2.3\json-smart-2.3.jar;D:\apache-maven-3.6.3\repository\net\minidev\accessors-smart\1.2\accessors-smart-1.2.jar;D:\apache-maven-3.6.3\repository\org\ow2\asm\asm\5.0.4\asm-5.0.4.jar;D:\apache-maven-3.6.3\repository\jakarta\xml\bind\jakarta.xml.bind-api\2.3.3\jakarta.xml.bind-api-2.3.3.jar;D:\apache-maven-3.6.3\repository\jakarta\activation\jakarta.activation-api\1.2.2\jakarta.activation-api-1.2.2.jar;D:\apache-maven-3.6.3\repository\org\assertj\assertj-core\3.18.1\assertj-core-3.18.1.jar;D:\apache-maven-3.6.3\repository\org\hamcrest\hamcrest\2.2\hamcrest-2.2.jar;D:\apache-maven-3.6.3\repository\org\junit\jupiter\junit-jupiter\5.7.1\junit-jupiter-5.7.1.jar;D:\apache-maven-3.6.3\repository\org\junit\jupiter\junit-jupiter-api\5.7.1\junit-jupiter-api-5.7.1.jar;D:\apache-maven-3.6.3\repository\org\apiguardian\apiguardian-api\1.1.0\apiguardian-api-1.1.0.jar;D:\apache-maven-3.6.3\repository\org\opentest4j\opentest4j\1.2.0\opentest4j-1.2.0.jar;D:\apache-maven-3.6.3\repository\org\junit\platform\junit-platform-commons\1.7.1\junit-platform-commons-1.7.1.jar;D:\apache-maven-3.6.3\repository\org\junit\jupiter\junit-jupiter-params\5.7.1\junit-jupiter-params-5.7.1.jar;D:\apache-maven-3.6.3\repository\org\junit\jupiter\junit-jupiter-engine\5.7.1\junit-jupiter-engine-5.7.1.jar;D:\apache-maven-3.6.3\repository\org\junit\platform\junit-platform-engine\1.7.1\junit-platform-engine-1.7.1.jar;D:\apache-maven-3.6.3\repository\org\mockito\mockito-core\3.6.28\mockito-core-3.6.28.jar;D:\apache-maven-3.6.3\repository\net\bytebuddy\byte-buddy\1.10.20\byte-buddy-1.10.20.jar;D:\apache-maven-3.6.3\repository\net\bytebuddy\byte-buddy-agent\1.10.20\byte-buddy-agent-1.10.20.jar;D:\apache-maven-3.6.3\repository\org\objenesis\objenesis\3.1\objenesis-3.1.jar;D:\apache-maven-3.6.3\repository\org\mockito\mockito-junit-jupiter\3.6.28\mockito-junit-jupiter-3.6.28.jar;D:\apache-maven-3.6.3\repository\org\skyscreamer\jsonassert\1.5.0\jsonassert-1.5.0.jar;D:\apache-maven-3.6.3\repository\com\vaadin\external\google\android-json\0.0.20131108.vaadin1\android-json-0.0.20131108.vaadin1.jar;D:\apache-maven-3.6.3\repository\org\springframework\spring-core\5.3.4\spring-core-5.3.4.jar;D:\apache-maven-3.6.3\repository\org\springframework\spring-jcl\5.3.4\spring-jcl-5.3.4.jar;D:\apache-maven-3.6.3\repository\org\springframework\spring-test\5.3.4\spring-test-5.3.4.jar;D:\apache-maven-3.6.3\repository\org\xmlunit\xmlunit-core\2.7.0\xmlunit-core-2.7.0.jar;D:\apache-maven-3.6.3\repository\org\springframework\boot\spring-boot-starter-actuator\2.4.3\spring-boot-starter-actuator-2.4.3.jar;D:\apache-maven-3.6.3\repository\org\springframework\boot\spring-boot-actuator-autoconfigure\2.4.3\spring-boot-actuator-autoconfigure-2.4.3.jar;D:\apache-maven-3.6.3\repository\org\springframework\boot\spring-boot-actuator\2.4.3\spring-boot-actuator-2.4.3.jar;D:\apache-maven-3.6.3\repository\io\micrometer\micrometer-core\1.6.4\micrometer-core-1.6.4.jar;D:\apache-maven-3.6.3\repository\org\hdrhistogram\HdrHistogram\2.1.12\HdrHistogram-2.1.12.jar;D:\apache-maven-3.6.3\repository\org\latencyutils\LatencyUtils\2.0.3\LatencyUtils-2.0.3.jar;D:\apache-maven-3.6.3\repository\de\codecentric\spring-boot-admin-starter-client\2.3.1\spring-boot-admin-starter-client-2.3.1.jar;D:\apache-maven-3.6.3\repository\de\codecentric\spring-boot-admin-client\2.3.1\spring-boot-admin-client-2.3.1.jar;D:\apache-maven-3.6.3\repository\com\alibaba\druid-spring-boot-starter\1.1.17\druid-spring-boot-starter-1.1.17.jar;D:\apache-maven-3.6.3\repository\com\alibaba\druid\1.1.17\druid-1.1.17.jar;D:\apache-maven-3.6.3\repository\org\slf4j\slf4j-api\1.7.30\slf4j-api-1.7.30.jar;D:\apache-maven-3.6.3\repository\org\springframework\boot\spring-boot-starter-data-redis\2.4.3\spring-boot-starter-data-redis-2.4.3.jar;D:\apache-maven-3.6.3\repository\org\springframework\data\spring-data-redis\2.4.5\spring-data-redis-2.4.5.jar;D:\apache-maven-3.6.3\repository\org\springframework\data\spring-data-keyvalue\2.4.5\spring-data-keyvalue-2.4.5.jar;D:\apache-maven-3.6.3\repository\org\springframework\data\spring-data-commons\2.4.5\spring-data-commons-2.4.5.jar;D:\apache-maven-3.6.3\repository\org\springframework\spring-tx\5.3.4\spring-tx-5.3.4.jar;D:\apache-maven-3.6.3\repository\org\springframework\spring-oxm\5.3.4\spring-oxm-5.3.4.jar;D:\apache-maven-3.6.3\repository\org\springframework\spring-context-support\5.3.4\spring-context-support-5.3.4.jar;D:\apache-maven-3.6.3\repository\io\lettuce\lettuce-core\6.0.2.RELEASE\lettuce-core-6.0.2.RELEASE.jar;D:\apache-maven-3.6.3\repository\io\netty\netty-common\4.1.59.Final\netty-common-4.1.59.Final.jar;D:\apache-maven-3.6.3\repository\io\netty\netty-handler\4.1.59.Final\netty-handler-4.1.59.Final.jar;D:\apache-maven-3.6.3\repository\io\netty\netty-resolver\4.1.59.Final\netty-resolver-4.1.59.Final.jar;D:\apache-maven-3.6.3\repository\io\netty\netty-buffer\4.1.59.Final\netty-buffer-4.1.59.Final.jar;D:\apache-maven-3.6.3\repository\io\netty\netty-codec\4.1.59.Final\netty-codec-4.1.59.Final.jar;D:\apache-maven-3.6.3\repository\io\netty\netty-transport\4.1.59.Final\netty-transport-4.1.59.Final.jar;D:\apache-maven-3.6.3\repository\io\projectreactor\reactor-core\3.4.3\reactor-core-3.4.3.jar;D:\apache-maven-3.6.3\repository\org\reactivestreams\reactive-streams\1.0.3\reactive-streams-1.0.3.jar;D:\apache-maven-3.6.3\repository\redis\clients\jedis\3.3.0\jedis-3.3.0.jar;D:\apache-maven-3.6.3\repository\org\apache\commons\commons-pool2\2.9.0\commons-pool2-2.9.0.jar;D:\apache-maven-3.6.3\repository\com\baomidou\mybatis-plus-boot-starter\3.4.1\mybatis-plus-boot-starter-3.4.1.jar;D:\apache-maven-3.6.3\repository\com\baomidou\mybatis-plus\3.4.1\mybatis-plus-3.4.1.jar;D:\apache-maven-3.6.3\repository\com\baomidou\mybatis-plus-extension\3.4.1\mybatis-plus-extension-3.4.1.jar;D:\apache-maven-3.6.3\repository\com\baomidou\mybatis-plus-core\3.4.1\mybatis-plus-core-3.4.1.jar;D:\apache-maven-3.6.3\repository\com\baomidou\mybatis-plus-annotation\3.4.1\mybatis-plus-annotation-3.4.1.jar;D:\apache-maven-3.6.3\repository\com\github\jsqlparser\jsqlparser\3.2\jsqlparser-3.2.jar;D:\apache-maven-3.6.3\repository\org\mybatis\mybatis\3.5.6\mybatis-3.5.6.jar;D:\apache-maven-3.6.3\repository\org\mybatis\mybatis-spring\2.0.5\mybatis-spring-2.0.5.jar;D:\apache-maven-3.6.3\repository\org\springframework\boot\spring-boot-starter-jdbc\2.4.3\spring-boot-starter-jdbc-2.4.3.jar;D:\apache-maven-3.6.3\repository\com\zaxxer\HikariCP\3.4.5\HikariCP-3.4.5.jar;D:\apache-maven-3.6.3\repository\org\springframework\spring-jdbc\5.3.4\spring-jdbc-5.3.4.jar;"/>
    <property name="java.vm.vendor" value="Oracle Corporation"/>
    <property name="sun.arch.data.model" value="64"/>
    <property name="user.variant" value=""/>
    <property name="java.vendor.url" value="http://java.oracle.com/"/>
    <property name="user.timezone" value="Asia/Shanghai"/>
    <property name="java.vm.specification.version" value="1.8"/>
    <property name="os.name" value="Windows 10"/>
    <property name="user.country" value="CN"/>
    <property name="sun.java.launcher" value="SUN_STANDARD"/>
    <property name="sun.boot.library.path" value="D:\Java\jre\bin"/>
    <property name="sun.java.command" value="C:\Users\lenovo\AppData\Local\Temp\surefire3576887936770794051\surefirebooter2116897923432195534.jar C:\Users\lenovo\AppData\Local\Temp\surefire3576887936770794051 2021-09-19T09-36-30_820-jvmRun1 surefire2176162963697734037tmp surefire_0803838952872117699tmp"/>
    <property name="surefire.test.class.path" value="D:\springboot_practice\springboot2\boot-05-web-admin\target\test-classes;D:\springboot_practice\springboot2\boot-05-web-admin\target\classes;D:\apache-maven-3.6.3\repository\org\springframework\boot\spring-boot-starter-thymeleaf\2.4.3\spring-boot-starter-thymeleaf-2.4.3.jar;D:\apache-maven-3.6.3\repository\org\springframework\boot\spring-boot-starter\2.4.3\spring-boot-starter-2.4.3.jar;D:\apache-maven-3.6.3\repository\org\springframework\boot\spring-boot-starter-logging\2.4.3\spring-boot-starter-logging-2.4.3.jar;D:\apache-maven-3.6.3\repository\ch\qos\logback\logback-classic\1.2.3\logback-classic-1.2.3.jar;D:\apache-maven-3.6.3\repository\ch\qos\logback\logback-core\1.2.3\logback-core-1.2.3.jar;D:\apache-maven-3.6.3\repository\org\apache\logging\log4j\log4j-to-slf4j\2.13.3\log4j-to-slf4j-2.13.3.jar;D:\apache-maven-3.6.3\repository\org\apache\logging\log4j\log4j-api\2.13.3\log4j-api-2.13.3.jar;D:\apache-maven-3.6.3\repository\org\slf4j\jul-to-slf4j\1.7.30\jul-to-slf4j-1.7.30.jar;D:\apache-maven-3.6.3\repository\jakarta\annotation\jakarta.annotation-api\1.3.5\jakarta.annotation-api-1.3.5.jar;D:\apache-maven-3.6.3\repository\org\yaml\snakeyaml\1.27\snakeyaml-1.27.jar;D:\apache-maven-3.6.3\repository\org\thymeleaf\thymeleaf-spring5\3.0.12.RELEASE\thymeleaf-spring5-3.0.12.RELEASE.jar;D:\apache-maven-3.6.3\repository\org\thymeleaf\thymeleaf\3.0.12.RELEASE\thymeleaf-3.0.12.RELEASE.jar;D:\apache-maven-3.6.3\repository\org\attoparser\attoparser\2.0.5.RELEASE\attoparser-2.0.5.RELEASE.jar;D:\apache-maven-3.6.3\repository\org\unbescape\unbescape\1.1.6.RELEASE\unbescape-1.1.6.RELEASE.jar;D:\apache-maven-3.6.3\repository\org\thymeleaf\extras\thymeleaf-extras-java8time\3.0.4.RELEASE\thymeleaf-extras-java8time-3.0.4.RELEASE.jar;D:\apache-maven-3.6.3\repository\org\springframework\boot\spring-boot-starter-web\2.4.3\spring-boot-starter-web-2.4.3.jar;D:\apache-maven-3.6.3\repository\org\springframework\boot\spring-boot-starter-json\2.4.3\spring-boot-starter-json-2.4.3.jar;D:\apache-maven-3.6.3\repository\com\fasterxml\jackson\core\jackson-databind\2.11.4\jackson-databind-2.11.4.jar;D:\apache-maven-3.6.3\repository\com\fasterxml\jackson\core\jackson-annotations\2.11.4\jackson-annotations-2.11.4.jar;D:\apache-maven-3.6.3\repository\com\fasterxml\jackson\core\jackson-core\2.11.4\jackson-core-2.11.4.jar;D:\apache-maven-3.6.3\repository\com\fasterxml\jackson\datatype\jackson-datatype-jdk8\2.11.4\jackson-datatype-jdk8-2.11.4.jar;D:\apache-maven-3.6.3\repository\com\fasterxml\jackson\datatype\jackson-datatype-jsr310\2.11.4\jackson-datatype-jsr310-2.11.4.jar;D:\apache-maven-3.6.3\repository\com\fasterxml\jackson\module\jackson-module-parameter-names\2.11.4\jackson-module-parameter-names-2.11.4.jar;D:\apache-maven-3.6.3\repository\org\springframework\spring-web\5.3.4\spring-web-5.3.4.jar;D:\apache-maven-3.6.3\repository\org\springframework\spring-beans\5.3.4\spring-beans-5.3.4.jar;D:\apache-maven-3.6.3\repository\org\springframework\spring-webmvc\5.3.4\spring-webmvc-5.3.4.jar;D:\apache-maven-3.6.3\repository\org\springframework\spring-aop\5.3.4\spring-aop-5.3.4.jar;D:\apache-maven-3.6.3\repository\org\springframework\spring-context\5.3.4\spring-context-5.3.4.jar;D:\apache-maven-3.6.3\repository\org\springframework\spring-expression\5.3.4\spring-expression-5.3.4.jar;D:\apache-maven-3.6.3\repository\org\springframework\boot\spring-boot-starter-undertow\2.4.3\spring-boot-starter-undertow-2.4.3.jar;D:\apache-maven-3.6.3\repository\io\undertow\undertow-core\2.2.4.Final\undertow-core-2.2.4.Final.jar;D:\apache-maven-3.6.3\repository\org\jboss\logging\jboss-logging\3.4.1.Final\jboss-logging-3.4.1.Final.jar;D:\apache-maven-3.6.3\repository\org\jboss\xnio\xnio-api\3.8.0.Final\xnio-api-3.8.0.Final.jar;D:\apache-maven-3.6.3\repository\org\wildfly\common\wildfly-common\1.5.2.Final\wildfly-common-1.5.2.Final.jar;D:\apache-maven-3.6.3\repository\org\wildfly\client\wildfly-client-config\1.0.1.Final\wildfly-client-config-1.0.1.Final.jar;D:\apache-maven-3.6.3\repository\org\jboss\xnio\xnio-nio\3.8.0.Final\xnio-nio-3.8.0.Final.jar;D:\apache-maven-3.6.3\repository\org\jboss\threads\jboss-threads\3.1.0.Final\jboss-threads-3.1.0.Final.jar;D:\apache-maven-3.6.3\repository\io\undertow\undertow-servlet\2.2.4.Final\undertow-servlet-2.2.4.Final.jar;D:\apache-maven-3.6.3\repository\org\jboss\spec\javax\annotation\jboss-annotations-api_1.3_spec\2.0.1.Final\jboss-annotations-api_1.3_spec-2.0.1.Final.jar;D:\apache-maven-3.6.3\repository\io\undertow\undertow-websockets-jsr\2.2.4.Final\undertow-websockets-jsr-2.2.4.Final.jar;D:\apache-maven-3.6.3\repository\org\jboss\spec\javax\websocket\jboss-websocket-api_1.1_spec\2.0.0.Final\jboss-websocket-api_1.1_spec-2.0.0.Final.jar;D:\apache-maven-3.6.3\repository\jakarta\servlet\jakarta.servlet-api\4.0.4\jakarta.servlet-api-4.0.4.jar;D:\apache-maven-3.6.3\repository\org\glassfish\jakarta.el\3.0.3\jakarta.el-3.0.3.jar;D:\apache-maven-3.6.3\repository\mysql\mysql-connector-java\8.0.21\mysql-connector-java-8.0.21.jar;D:\apache-maven-3.6.3\repository\org\springframework\boot\spring-boot-devtools\2.4.3\spring-boot-devtools-2.4.3.jar;D:\apache-maven-3.6.3\repository\org\springframework\boot\spring-boot\2.4.3\spring-boot-2.4.3.jar;D:\apache-maven-3.6.3\repository\org\springframework\boot\spring-boot-autoconfigure\2.4.3\spring-boot-autoconfigure-2.4.3.jar;D:\apache-maven-3.6.3\repository\org\springframework\boot\spring-boot-configuration-processor\2.4.3\spring-boot-configuration-processor-2.4.3.jar;D:\apache-maven-3.6.3\repository\org\projectlombok\lombok\1.18.18\lombok-1.18.18.jar;D:\apache-maven-3.6.3\repository\org\springframework\boot\spring-boot-starter-test\2.4.3\spring-boot-starter-test-2.4.3.jar;D:\apache-maven-3.6.3\repository\org\springframework\boot\spring-boot-test\2.4.3\spring-boot-test-2.4.3.jar;D:\apache-maven-3.6.3\repository\org\springframework\boot\spring-boot-test-autoconfigure\2.4.3\spring-boot-test-autoconfigure-2.4.3.jar;D:\apache-maven-3.6.3\repository\com\jayway\jsonpath\json-path\2.4.0\json-path-2.4.0.jar;D:\apache-maven-3.6.3\repository\net\minidev\json-smart\2.3\json-smart-2.3.jar;D:\apache-maven-3.6.3\repository\net\minidev\accessors-smart\1.2\accessors-smart-1.2.jar;D:\apache-maven-3.6.3\repository\org\ow2\asm\asm\5.0.4\asm-5.0.4.jar;D:\apache-maven-3.6.3\repository\jakarta\xml\bind\jakarta.xml.bind-api\2.3.3\jakarta.xml.bind-api-2.3.3.jar;D:\apache-maven-3.6.3\repository\jakarta\activation\jakarta.activation-api\1.2.2\jakarta.activation-api-1.2.2.jar;D:\apache-maven-3.6.3\repository\org\assertj\assertj-core\3.18.1\assertj-core-3.18.1.jar;D:\apache-maven-3.6.3\repository\org\hamcrest\hamcrest\2.2\hamcrest-2.2.jar;D:\apache-maven-3.6.3\repository\org\junit\jupiter\junit-jupiter\5.7.1\junit-jupiter-5.7.1.jar;D:\apache-maven-3.6.3\repository\org\junit\jupiter\junit-jupiter-api\5.7.1\junit-jupiter-api-5.7.1.jar;D:\apache-maven-3.6.3\repository\org\apiguardian\apiguardian-api\1.1.0\apiguardian-api-1.1.0.jar;D:\apache-maven-3.6.3\repository\org\opentest4j\opentest4j\1.2.0\opentest4j-1.2.0.jar;D:\apache-maven-3.6.3\repository\org\junit\platform\junit-platform-commons\1.7.1\junit-platform-commons-1.7.1.jar;D:\apache-maven-3.6.3\repository\org\junit\jupiter\junit-jupiter-params\5.7.1\junit-jupiter-params-5.7.1.jar;D:\apache-maven-3.6.3\repository\org\junit\jupiter\junit-jupiter-engine\5.7.1\junit-jupiter-engine-5.7.1.jar;D:\apache-maven-3.6.3\repository\org\junit\platform\junit-platform-engine\1.7.1\junit-platform-engine-1.7.1.jar;D:\apache-maven-3.6.3\repository\org\mockito\mockito-core\3.6.28\mockito-core-3.6.28.jar;D:\apache-maven-3.6.3\repository\net\bytebuddy\byte-buddy\1.10.20\byte-buddy-1.10.20.jar;D:\apache-maven-3.6.3\repository\net\bytebuddy\byte-buddy-agent\1.10.20\byte-buddy-agent-1.10.20.jar;D:\apache-maven-3.6.3\repository\org\objenesis\objenesis\3.1\objenesis-3.1.jar;D:\apache-maven-3.6.3\repository\org\mockito\mockito-junit-jupiter\3.6.28\mockito-junit-jupiter-3.6.28.jar;D:\apache-maven-3.6.3\repository\org\skyscreamer\jsonassert\1.5.0\jsonassert-1.5.0.jar;D:\apache-maven-3.6.3\repository\com\vaadin\external\google\android-json\0.0.20131108.vaadin1\android-json-0.0.20131108.vaadin1.jar;D:\apache-maven-3.6.3\repository\org\springframework\spring-core\5.3.4\spring-core-5.3.4.jar;D:\apache-maven-3.6.3\repository\org\springframework\spring-jcl\5.3.4\spring-jcl-5.3.4.jar;D:\apache-maven-3.6.3\repository\org\springframework\spring-test\5.3.4\spring-test-5.3.4.jar;D:\apache-maven-3.6.3\repository\org\xmlunit\xmlunit-core\2.7.0\xmlunit-core-2.7.0.jar;D:\apache-maven-3.6.3\repository\org\springframework\boot\spring-boot-starter-actuator\2.4.3\spring-boot-starter-actuator-2.4.3.jar;D:\apache-maven-3.6.3\repository\org\springframework\boot\spring-boot-actuator-autoconfigure\2.4.3\spring-boot-actuator-autoconfigure-2.4.3.jar;D:\apache-maven-3.6.3\repository\org\springframework\boot\spring-boot-actuator\2.4.3\spring-boot-actuator-2.4.3.jar;D:\apache-maven-3.6.3\repository\io\micrometer\micrometer-core\1.6.4\micrometer-core-1.6.4.jar;D:\apache-maven-3.6.3\repository\org\hdrhistogram\HdrHistogram\2.1.12\HdrHistogram-2.1.12.jar;D:\apache-maven-3.6.3\repository\org\latencyutils\LatencyUtils\2.0.3\LatencyUtils-2.0.3.jar;D:\apache-maven-3.6.3\repository\de\codecentric\spring-boot-admin-starter-client\2.3.1\spring-boot-admin-starter-client-2.3.1.jar;D:\apache-maven-3.6.3\repository\de\codecentric\spring-boot-admin-client\2.3.1\spring-boot-admin-client-2.3.1.jar;D:\apache-maven-3.6.3\repository\com\alibaba\druid-spring-boot-starter\1.1.17\druid-spring-boot-starter-1.1.17.jar;D:\apache-maven-3.6.3\repository\com\alibaba\druid\1.1.17\druid-1.1.17.jar;D:\apache-maven-3.6.3\repository\org\slf4j\slf4j-api\1.7.30\slf4j-api-1.7.30.jar;D:\apache-maven-3.6.3\repository\org\springframework\boot\spring-boot-starter-data-redis\2.4.3\spring-boot-starter-data-redis-2.4.3.jar;D:\apache-maven-3.6.3\repository\org\springframework\data\spring-data-redis\2.4.5\spring-data-redis-2.4.5.jar;D:\apache-maven-3.6.3\repository\org\springframework\data\spring-data-keyvalue\2.4.5\spring-data-keyvalue-2.4.5.jar;D:\apache-maven-3.6.3\repository\org\springframework\data\spring-data-commons\2.4.5\spring-data-commons-2.4.5.jar;D:\apache-maven-3.6.3\repository\org\springframework\spring-tx\5.3.4\spring-tx-5.3.4.jar;D:\apache-maven-3.6.3\repository\org\springframework\spring-oxm\5.3.4\spring-oxm-5.3.4.jar;D:\apache-maven-3.6.3\repository\org\springframework\spring-context-support\5.3.4\spring-context-support-5.3.4.jar;D:\apache-maven-3.6.3\repository\io\lettuce\lettuce-core\6.0.2.RELEASE\lettuce-core-6.0.2.RELEASE.jar;D:\apache-maven-3.6.3\repository\io\netty\netty-common\4.1.59.Final\netty-common-4.1.59.Final.jar;D:\apache-maven-3.6.3\repository\io\netty\netty-handler\4.1.59.Final\netty-handler-4.1.59.Final.jar;D:\apache-maven-3.6.3\repository\io\netty\netty-resolver\4.1.59.Final\netty-resolver-4.1.59.Final.jar;D:\apache-maven-3.6.3\repository\io\netty\netty-buffer\4.1.59.Final\netty-buffer-4.1.59.Final.jar;D:\apache-maven-3.6.3\repository\io\netty\netty-codec\4.1.59.Final\netty-codec-4.1.59.Final.jar;D:\apache-maven-3.6.3\repository\io\netty\netty-transport\4.1.59.Final\netty-transport-4.1.59.Final.jar;D:\apache-maven-3.6.3\repository\io\projectreactor\reactor-core\3.4.3\reactor-core-3.4.3.jar;D:\apache-maven-3.6.3\repository\org\reactivestreams\reactive-streams\1.0.3\reactive-streams-1.0.3.jar;D:\apache-maven-3.6.3\repository\redis\clients\jedis\3.3.0\jedis-3.3.0.jar;D:\apache-maven-3.6.3\repository\org\apache\commons\commons-pool2\2.9.0\commons-pool2-2.9.0.jar;D:\apache-maven-3.6.3\repository\com\baomidou\mybatis-plus-boot-starter\3.4.1\mybatis-plus-boot-starter-3.4.1.jar;D:\apache-maven-3.6.3\repository\com\baomidou\mybatis-plus\3.4.1\mybatis-plus-3.4.1.jar;D:\apache-maven-3.6.3\repository\com\baomidou\mybatis-plus-extension\3.4.1\mybatis-plus-extension-3.4.1.jar;D:\apache-maven-3.6.3\repository\com\baomidou\mybatis-plus-core\3.4.1\mybatis-plus-core-3.4.1.jar;D:\apache-maven-3.6.3\repository\com\baomidou\mybatis-plus-annotation\3.4.1\mybatis-plus-annotation-3.4.1.jar;D:\apache-maven-3.6.3\repository\com\github\jsqlparser\jsqlparser\3.2\jsqlparser-3.2.jar;D:\apache-maven-3.6.3\repository\org\mybatis\mybatis\3.5.6\mybatis-3.5.6.jar;D:\apache-maven-3.6.3\repository\org\mybatis\mybatis-spring\2.0.5\mybatis-spring-2.0.5.jar;D:\apache-maven-3.6.3\repository\org\springframework\boot\spring-boot-starter-jdbc\2.4.3\spring-boot-starter-jdbc-2.4.3.jar;D:\apache-maven-3.6.3\repository\com\zaxxer\HikariCP\3.4.5\HikariCP-3.4.5.jar;D:\apache-maven-3.6.3\repository\org\springframework\spring-jdbc\5.3.4\spring-jdbc-5.3.4.jar;"/>
    <property name="sun.cpu.endian" value="little"/>
    <property name="user.home" value="C:\Users\lenovo"/>
    <property name="user.language" value="zh"/>
    <property name="java.specification.vendor" value="Oracle Corporation"/>
    <property name="java.home" value="D:\Java\jre"/>
    <property name="basedir" value="D:\springboot_practice\springboot2\boot-05-web-admin"/>
    <property name="file.separator" value="\"/>
    <property name="line.separator" value="&#10;"/>
    <property name="java.vm.specification.vendor" value="Oracle Corporation"/>
    <property name="java.specification.name" value="Java Platform API Specification"/>
    <property name="java.awt.graphicsenv" value="sun.awt.Win32GraphicsEnvironment"/>
    <property name="surefire.real.class.path" value="C:\Users\lenovo\AppData\Local\Temp\surefire3576887936770794051\surefirebooter2116897923432195534.jar"/>
    <property name="sun.boot.class.path" value="D:\Java\jre\lib\resources.jar;D:\Java\jre\lib\rt.jar;D:\Java\jre\lib\sunrsasign.jar;D:\Java\jre\lib\jsse.jar;D:\Java\jre\lib\jce.jar;D:\Java\jre\lib\charsets.jar;D:\Java\jre\lib\jfr.jar;D:\Java\jre\classes"/>
    <property name="user.script" value=""/>
    <property name="sun.management.compiler" value="HotSpot 64-Bit Tiered Compilers"/>
    <property name="java.runtime.version" value="1.8.0_131-b11"/>
    <property name="user.name" value="lenovo"/>
    <property name="path.separator" value=";"/>
    <property name="os.version" value="10.0"/>
    <property name="java.endorsed.dirs" value="D:\Java\jre\lib\endorsed"/>
    <property name="java.runtime.name" value="Java(TM) SE Runtime Environment"/>
    <property name="file.encoding" value="GBK"/>
    <property name="java.vm.name" value="Java HotSpot(TM) 64-Bit Server VM"/>
    <property name="localRepository" value="D:\apache-maven-3.6.3\repository"/>
    <property name="java.vendor.url.bug" value="http://bugreport.sun.com/bugreport/"/>
    <property name="java.io.tmpdir" value="C:\Users\lenovo\AppData\Local\Temp\"/>
    <property name="idea.version" value="2020.2.3"/>
    <property name="java.version" value="1.8.0_131"/>
    <property name="user.dir" value="D:\springboot_practice\springboot2\boot-05-web-admin"/>
    <property name="os.arch" value="amd64"/>
    <property name="java.vm.specification.name" value="Java Virtual Machine Specification"/>
    <property name="java.awt.printerjob" value="sun.awt.windows.WPrinterJob"/>
    <property name="sun.os.patch.level" value=""/>
    <property name="java.library.path" value="D:\Java\jre\bin;C:\WINDOWS\Sun\Java\bin;C:\WINDOWS\system32;C:\WINDOWS;D:\xuniji\bin\;C:\Program Files (x86)\Common Files\Oracle\Java\javapath;C:\ProgramData\Oracle\Java\javapath;D:\360安全浏览器下载\jdk-13.0.1_windows-x64_bin\jdk-13.0.1\bin;C:\Pro;ram Files (x86)\Lenovo\FusionEngine;C:\WINDOWS\system32;C:\WINDOWS;C:\WINDOWS\System32\Wbem;C:\WINDOWS\System32\WindowsPowerShell\v1.0\;C:\Program Files (x86)\Common Files\lenovo\easyplussdk\bin;C:\Program Files (x86)\ATI Technologies\ATI.ACE\Core-Static;C:\WINDOWS\System32\OpenSSH\;&quot;D:\java\bin;D:\java\jre\bin;&quot;;C:\Program Files\Microsoft SQL Server\130\Tools\Binn\;D:\new_file\Git\cmd;C:\WINDOWS\system32;D:\apache-maven-3.6.3\bin;D:\node.js\;&quot;D:\apache-tomcat-8.5.23\bin;&quot;;D:\matlab\runtime\win64;D:\matlab\bin;D:\matlab\polyspace\bin;D:\Python\Scripts\;D:\Python\;D:\java\bin;C:\Users\lenovo\AppData\Local\Microsoft\WindowsApps;D:\Microsoft VS Code\bin;D:\IntelliJ IDEA 2020.2.3\bin;;D:\node.js\node_global;;."/>
    <property name="java.vm.info" value="mixed mode"/>
    <property name="java.vendor" value="Oracle Corporation"/>
    <property name="java.vm.version" value="25.131-b11"/>
    <property name="java.ext.dirs" value="D:\Java\jre\lib\ext;C:\WINDOWS\Sun\Java\lib\ext"/>
    <property name="sun.io.unicode.encoding" value="UnicodeLittle"/>
    <property name="maven.repo.local" value="D:\apache-maven-3.6.3\repository"/>
    <property name="java.class.version" value="52.0"/>
  </properties>
  <testcase name="testException" classname="com.yillint.admin.Junit5Test" time="0.003">
    <failure message="业务逻辑居然正常运行了？ ==&gt; Expected java.lang.ArithmeticException to be thrown, but nothing was thrown." type="org.opentest4j.AssertionFailedError">org.opentest4j.AssertionFailedError: 业务逻辑居然正常运行了？ ==> Expected java.lang.ArithmeticException to be thrown, but nothing was thrown.
	at com.yillint.admin.Junit5Test.testException(Junit5Test.java:82)
</failure>
    <system-out><![CDATA[2021-09-19 09:36:55.443  INFO 8920 --- [           main] .b.t.c.SpringBootTestContextBootstrapper : Neither @ContextConfiguration nor @ContextHierarchy found for test class [com.yillint.admin.Junit5Test], using SpringBootContextLoader
2021-09-19 09:36:55.444  INFO 8920 --- [           main] o.s.t.c.support.AbstractContextLoader    : Could not detect default resource locations for test class [com.yillint.admin.Junit5Test]: no resource found for suffixes {-context.xml, Context.groovy}.
2021-09-19 09:36:55.444  INFO 8920 --- [           main] t.c.s.AnnotationConfigContextLoaderUtils : Could not detect default configuration classes for test class [com.yillint.admin.Junit5Test]: Junit5Test does not declare any static, non-private, non-final, nested classes annotated with @Configuration.
2021-09-19 09:36:55.485  INFO 8920 --- [           main] .b.t.c.SpringBootTestContextBootstrapper : Found @SpringBootConfiguration com.yillint.admin.Boot05WebAdminApplication for test class com.yillint.admin.Junit5Test
2021-09-19 09:36:55.508  INFO 8920 --- [           main] .b.t.c.SpringBootTestContextBootstrapper : Loaded default TestExecutionListener class names from location [META-INF/spring.factories]: [org.springframework.boot.test.mock.mockito.MockitoTestExecutionListener, org.springframework.boot.test.mock.mockito.ResetMocksTestExecutionListener, org.springframework.boot.test.autoconfigure.restdocs.RestDocsTestExecutionListener, org.springframework.boot.test.autoconfigure.web.client.MockRestServiceServerResetTestExecutionListener, org.springframework.boot.test.autoconfigure.web.servlet.MockMvcPrintOnlyOnFailureTestExecutionListener, org.springframework.boot.test.autoconfigure.web.servlet.WebDriverTestExecutionListener, org.springframework.boot.test.autoconfigure.webservices.client.MockWebServiceServerTestExecutionListener, org.springframework.test.context.web.ServletTestExecutionListener, org.springframework.test.context.support.DirtiesContextBeforeModesTestExecutionListener, org.springframework.test.context.event.ApplicationEventsTestExecutionListener, org.springframework.test.context.support.DependencyInjectionTestExecutionListener, org.springframework.test.context.support.DirtiesContextTestExecutionListener, org.springframework.test.context.transaction.TransactionalTestExecutionListener, org.springframework.test.context.jdbc.SqlScriptsTestExecutionListener, org.springframework.test.context.event.EventPublishingTestExecutionListener]
2021-09-19 09:36:55.509  INFO 8920 --- [           main] .b.t.c.SpringBootTestContextBootstrapper : Using TestExecutionListeners: [org.springframework.test.context.web.ServletTestExecutionListener@6c2a95d5, org.springframework.test.context.support.DirtiesContextBeforeModesTestExecutionListener@24d8f87a, org.springframework.test.context.event.ApplicationEventsTestExecutionListener@3f048c86, org.springframework.boot.test.mock.mockito.MockitoTestExecutionListener@255d9277, org.springframework.boot.test.autoconfigure.SpringBootDependencyInjectionTestExecutionListener@1de13f34, org.springframework.test.context.support.DirtiesContextTestExecutionListener@7e191fda, org.springframework.test.context.transaction.TransactionalTestExecutionListener@6562cc23, org.springframework.test.context.jdbc.SqlScriptsTestExecutionListener@2ce524d2, org.springframework.test.context.event.EventPublishingTestExecutionListener@3869a6e5, org.springframework.boot.test.mock.mockito.ResetMocksTestExecutionListener@e3899fd, org.springframework.boot.test.autoconfigure.restdocs.RestDocsTestExecutionListener@7d484fcd, org.springframework.boot.test.autoconfigure.web.client.MockRestServiceServerResetTestExecutionListener@788e3702, org.springframework.boot.test.autoconfigure.web.servlet.MockMvcPrintOnlyOnFailureTestExecutionListener@d25e878, org.springframework.boot.test.autoconfigure.web.servlet.WebDriverTestExecutionListener@47187f50, org.springframework.boot.test.autoconfigure.webservices.client.MockWebServiceServerTestExecutionListener@78116659]
所有测就要开始了-----
测试就要开始了-----
测结束了-----
]]></system-out>
  </testcase>
  <testcase name="timeoutTest" classname="com.yillint.admin.Junit5Test" time="0.001"/>
  <testcase name="testTimeout" classname="com.yillint.admin.Junit5Test" time="0">
    <error message="testTimeout() timed out after 500 milliseconds" type="java.util.concurrent.TimeoutException">java.util.concurrent.TimeoutException: testTimeout() timed out after 500 milliseconds
</error>
    <system-out><![CDATA[测试就要开始了-----
测结束了-----
]]></system-out>
  </testcase>
  <testcase name="testFail" classname="com.yillint.admin.Junit5Test" time="0.003"/>
  <testcase name="all" classname="com.yillint.admin.Junit5Test" time="0.003">
    <failure message="test (1 failure)&#10;	org.opentest4j.AssertionFailedError: 结果不为1 ==&gt; expected: &lt;1&gt; but was: &lt;2&gt;" type="org.opentest4j.MultipleFailuresError"><![CDATA[org.opentest4j.MultipleFailuresError: 
test (1 failure)
	org.opentest4j.AssertionFailedError: 结果不为1 ==> expected: <1> but was: <2>
	at com.yillint.admin.Junit5Test.all(Junit5Test.java:71)
]]></failure>
    <system-out><![CDATA[测试就要开始了-----
测结束了-----
]]></system-out>
  </testcase>
  <testcase name="array" classname="com.yillint.admin.Junit5Test" time="0.001"/>
  <testcase name="test2" classname="com.yillint.admin.Junit5Test" time="0">
    <skipped message="void com.yillint.admin.Junit5Test.test2() is @Disabled"/>
  </testcase>
  <testcase name="test3" classname="com.yillint.admin.Junit5Test" time="0.004"/>
  <testcase name="test3[1]" classname="com.yillint.admin.Junit5Test" time="0.001"/>
  <testcase name="test3[2]" classname="com.yillint.admin.Junit5Test" time="0.001"/>
  <testcase name="test3[3]" classname="com.yillint.admin.Junit5Test" time="0.004"/>
  <testcase name="test3[4]" classname="com.yillint.admin.Junit5Test" time="0.001"/>
  <testcase name="test3[5]" classname="com.yillint.admin.Junit5Test" time="0.001"/>
  <testcase name="testassuptions" classname="com.yillint.admin.Junit5Test" time="0">
    <skipped message="Assumption failed: 结果不是true" type="org.opentest4j.TestAbortedException">org.opentest4j.TestAbortedException: Assumption failed: 结果不是true
	at com.yillint.admin.Junit5Test.testassuptions(Junit5Test.java:35)
</skipped>
    <system-out><![CDATA[测试就要开始了-----
测结束了-----
]]></system-out>
  </testcase>
  <testcase name="testDisplayName" classname="com.yillint.admin.Junit5Test" time="0"/>
  <testcase name="testSimpleAssertions" classname="com.yillint.admin.Junit5Test" time="0.001">
    <failure message="业务逻辑计算失败 ==&gt; expected: &lt;6&gt; but was: &lt;5&gt;" type="org.opentest4j.AssertionFailedError"><![CDATA[org.opentest4j.AssertionFailedError: 业务逻辑计算失败 ==> expected: <6> but was: <5>
	at com.yillint.admin.Junit5Test.testSimpleAssertions(Junit5Test.java:47)
]]></failure>
    <system-out><![CDATA[测试就要开始了-----
测结束了-----
]]></system-out>
  </testcase>
</testsuite>